app/build/intermediates/manifest_merge_blame_file/debug/manifest-merger-blame-debug-report.txt
1<?xml version="1.0" encoding="utf-8"?>
2<manifest xmlns:android="http://schemas.android.com/apk/res/android"
3    package="com.example.a3is"
4    android:versionCode="1"
5    android:versionName="1.0" >
6
7    <uses-sdk
8        android:minSdkVersion="16"
8-->src\main\AndroidManifest.xml
9        android:targetSdkVersion="30" />
9-->src\main\AndroidManifest.xml
10
11    <application
11-->src\main\AndroidManifest.xml:5:5-26:19
12        android:allowBackup="true"
12-->src\main\AndroidManifest.xml:6:9-35
13        android:appComponentFactory="androidx.core.app.CoreComponentFactory"
13-->[androidx.core:core:1.3.1] AndroidManifest.xml:24:18-86
14        android:debuggable="true"
15        android:icon="@mipmap/ic_launcher"
15-->src\main\AndroidManifest.xml:7:9-43
16        android:label="@string/app_name"
16-->src\main\AndroidManifest.xml:8:9-41
17        android:roundIcon="@mipmap/ic_launcher_round"
17-->src\main\AndroidManifest.xml:9:9-54
18        android:supportsRtl="true"
18-->src\main\AndroidManifest.xml:10:9-35
19        android:testOnly="true"
20        android:theme="@style/AppTheme" >
20-->src\main\AndroidManifest.xml:11:9-40
21        <activity
21-->src\main\AndroidManifest.xml:12:9-99
22            android:name="com.example.a3is.ContactActivity"
22-->src\main\AndroidManifest.xml:12:19-50
23            android:screenOrientation="portrait" />
23-->src\main\AndroidManifest.xml:12:51-87
24        <activity
24-->src\main\AndroidManifest.xml:13:9-97
25            android:name="com.example.a3is.AboutActivity"
25-->src\main\AndroidManifest.xml:13:19-48
26            android:screenOrientation="portrait" />
26-->src\main\AndroidManifest.xml:13:49-85
27        <activity
27-->src\main\AndroidManifest.xml:14:9-87
28            android:name="com.example.a3is.HomeActivity"
28-->src\main\AndroidManifest.xml:14:19-47
29            android:screenOrientation="portrait" />
29-->src\main\AndroidManifest.xml:14:48-84
30        <activity
30-->src\main\AndroidManifest.xml:15:9-91
31            android:name="com.example.a3is.DashboardActivity"
31-->src\main\AndroidManifest.xml:15:19-52
32            android:screenOrientation="portrait" />
32-->src\main\AndroidManifest.xml:15:53-89
33        <activity
33-->src\main\AndroidManifest.xml:16:9-87
34            android:name="com.example.a3is.LoginActivity"
34-->src\main\AndroidManifest.xml:16:19-48
35            android:screenOrientation="portrait" />
35-->src\main\AndroidManifest.xml:16:49-85
36        <activity
36-->src\main\AndroidManifest.xml:17:9-25:20
37            android:name="com.example.a3is.MainActivity"
37-->src\main\AndroidManifest.xml:18:13-41
38            android:screenOrientation="portrait" >
38-->src\main\AndroidManifest.xml:19:13-49
39            <intent-filter>
39-->src\main\AndroidManifest.xml:20:17-24:29
40                <action android:name="android.intent.action.MAIN" />
40-->src\main\AndroidManifest.xml:21:17-69
40-->src\main\AndroidManifest.xml:21:25-66
41
42                <category android:name="android.intent.category.LAUNCHER" />
42-->src\main\AndroidManifest.xml:23:17-77
42-->src\main\AndroidManifest.xml:23:27-74
43            </intent-filter>
44        </activity>
45    </application>
46
47</manifest>